[debug] [2020-06-21T13:36:45.185Z] ----------------------------------------------------------------------
[debug] [2020-06-21T13:36:45.187Z] Command:       /usr/bin/node /usr/local/bin/firebase deploy --only functions:stripeCharge
[debug] [2020-06-21T13:36:45.188Z] CLI Version:   8.4.3
[debug] [2020-06-21T13:36:45.188Z] Platform:      linux
[debug] [2020-06-21T13:36:45.188Z] Node Version:  v10.17.0
[debug] [2020-06-21T13:36:45.188Z] Time:          Sun Jun 21 2020 19:06:45 GMT+0530 (India Standard Time)
[debug] [2020-06-21T13:36:45.188Z] ----------------------------------------------------------------------
[debug] [2020-06-21T13:36:45.188Z] 
[debug] [2020-06-21T13:36:45.196Z] > command requires scopes: ["email","openid","https://www.googleapis.com/auth/cloudplatformprojects.readonly","https://www.googleapis.com/auth/firebase","https://www.googleapis.com/auth/cloud-platform"]
[debug] [2020-06-21T13:36:45.196Z] > authorizing via signed-in user
[debug] [2020-06-21T13:36:45.197Z] [iam] checking project ordero-9e47f for permissions ["cloudfunctions.functions.create","cloudfunctions.functions.delete","cloudfunctions.functions.get","cloudfunctions.functions.list","cloudfunctions.functions.update","cloudfunctions.operations.get","firebase.projects.get"]
[debug] [2020-06-21T13:36:45.200Z] >>> HTTP REQUEST POST https://cloudresourcemanager.googleapis.com/v1/projects/ordero-9e47f:testIamPermissions  
 {"permissions":["cloudfunctions.functions.create","cloudfunctions.functions.delete","cloudfunctions.functions.get","cloudfunctions.functions.list","cloudfunctions.functions.update","cloudfunctions.operations.get","firebase.projects.get"]}
[debug] [2020-06-21T13:36:47.526Z] <<< HTTP RESPONSE 200 {"content-type":"application/json; charset=UTF-8","vary":"X-Origin, Referer, Origin,Accept-Encoding","date":"Sun, 21 Jun 2020 13:36:49 GMT","server":"ESF","cache-control":"private","x-xss-protection":"0","x-frame-options":"SAMEORIGIN","x-content-type-options":"nosniff","server-timing":"gfet4t7; dur=1136","alt-svc":"h3-28=\":443\"; ma=2592000,h3-27=\":443\"; ma=2592000,h3-25=\":443\"; ma=2592000,h3-T050=\":443\"; ma=2592000,h3-Q050=\":443\"; ma=2592000,h3-Q049=\":443\"; ma=2592000,h3-Q048=\":443\"; ma=2592000,h3-Q046=\":443\"; ma=2592000,h3-Q043=\":443\"; ma=2592000,quic=\":443\"; ma=2592000; v=\"46,43\"","accept-ranges":"none","transfer-encoding":"chunked"}
[debug] [2020-06-21T13:36:47.532Z] >>> HTTP REQUEST POST https://iam.googleapis.com/v1/projects/ordero-9e47f/serviceAccounts/ordero-9e47f@appspot.gserviceaccount.com:testIamPermissions  
 {"permissions":["iam.serviceAccounts.actAs"]}
[debug] [2020-06-21T13:36:49.790Z] <<< HTTP RESPONSE 200 {"content-type":"application/json; charset=UTF-8","vary":"X-Origin, Referer, Origin,Accept-Encoding","date":"Sun, 21 Jun 2020 13:36:52 GMT","server":"ESF","cache-control":"private","x-xss-protection":"0","x-frame-options":"SAMEORIGIN","x-content-type-options":"nosniff","alt-svc":"h3-28=\":443\"; ma=2592000,h3-27=\":443\"; ma=2592000,h3-25=\":443\"; ma=2592000,h3-T050=\":443\"; ma=2592000,h3-Q050=\":443\"; ma=2592000,h3-Q049=\":443\"; ma=2592000,h3-Q048=\":443\"; ma=2592000,h3-Q046=\":443\"; ma=2592000,h3-Q043=\":443\"; ma=2592000,quic=\":443\"; ma=2592000; v=\"46,43\"","accept-ranges":"none","transfer-encoding":"chunked"}
[warn] ⚠  functions: package.json indicates an outdated version of firebase-functions.
Please upgrade using npm install --save firebase-functions@latest in your functions directory. 
[info] 
[info] === Deploying to 'ordero-9e47f'...
[info] 
[info] i  deploying functions 
[debug] [2020-06-21T13:36:53.535Z] > [functions] package.json contents: {
  "name": "functions",
  "description": "Stripe Functions for Firebase",
  "scripts": {
    "serve": "firebase serve --only functions",
    "shell": "firebase experimental:functions:shell",
    "start": "npm run shell",
    "deploy": "firebase deploy --only functions",
    "logs": "firebase functions:log"
  },
  "engines": {
    "node": "10"
  },
  "dependencies": {
    "cors": "^2.8.5",
    "express": "^4.17.1",
    "firebase-admin": "^8.6.0",
    "firebase-functions": "^3.3.0",
    "stripe": "^7.14.0"
  },
  "private": true
}
[info] i  functions: ensuring required API cloudfunctions.googleapis.com is enabled... 
[debug] [2020-06-21T13:36:54.887Z] [functions] runtime dependency check dates: warning: 2020-05-21T00:00:00.000Z error: 2020-08-17T00:00:00.000Z
[info] i  functions: ensuring required API cloudbuild.googleapis.com is enabled... 
[debug] [2020-06-21T13:36:54.888Z] >>> HTTP REQUEST GET https://serviceusage.googleapis.com/v1/projects/ordero-9e47f/services/cloudfunctions.googleapis.com  
 
[debug] [2020-06-21T13:36:54.889Z] >>> HTTP REQUEST GET https://serviceusage.googleapis.com/v1/projects/ordero-9e47f/services/runtimeconfig.googleapis.com  
 
[debug] [2020-06-21T13:36:54.889Z] >>> HTTP REQUEST GET https://serviceusage.googleapis.com/v1/projects/ordero-9e47f/services/cloudbuild.googleapis.com  
 
[debug] [2020-06-21T13:36:57.520Z] <<< HTTP RESPONSE 200 {"content-type":"application/json; charset=UTF-8","vary":"X-Origin, Referer, Origin,Accept-Encoding","date":"Sun, 21 Jun 2020 13:36:59 GMT","server":"ESF","cache-control":"private","x-xss-protection":"0","x-frame-options":"SAMEORIGIN","x-content-type-options":"nosniff","alt-svc":"h3-28=\":443\"; ma=2592000,h3-27=\":443\"; ma=2592000,h3-25=\":443\"; ma=2592000,h3-T050=\":443\"; ma=2592000,h3-Q050=\":443\"; ma=2592000,h3-Q049=\":443\"; ma=2592000,h3-Q048=\":443\"; ma=2592000,h3-Q046=\":443\"; ma=2592000,h3-Q043=\":443\"; ma=2592000,quic=\":443\"; ma=2592000; v=\"46,43\"","accept-ranges":"none","transfer-encoding":"chunked"}
[debug] [2020-06-21T13:36:57.526Z] <<< HTTP RESPONSE 200 {"content-type":"application/json; charset=UTF-8","vary":"X-Origin, Referer, Origin,Accept-Encoding","date":"Sun, 21 Jun 2020 13:36:59 GMT","server":"ESF","cache-control":"private","x-xss-protection":"0","x-frame-options":"SAMEORIGIN","x-content-type-options":"nosniff","alt-svc":"h3-28=\":443\"; ma=2592000,h3-27=\":443\"; ma=2592000,h3-25=\":443\"; ma=2592000,h3-T050=\":443\"; ma=2592000,h3-Q050=\":443\"; ma=2592000,h3-Q049=\":443\"; ma=2592000,h3-Q048=\":443\"; ma=2592000,h3-Q046=\":443\"; ma=2592000,h3-Q043=\":443\"; ma=2592000,quic=\":443\"; ma=2592000; v=\"46,43\"","accept-ranges":"none","transfer-encoding":"chunked"}
[warn] ⚠  functions: missing required API cloudbuild.googleapis.com. Enabling now... 
[debug] [2020-06-21T13:36:57.528Z] >>> HTTP REQUEST POST https://serviceusage.googleapis.com/v1/projects/ordero-9e47f/services/cloudbuild.googleapis.com:enable  
 
[debug] [2020-06-21T13:36:57.679Z] <<< HTTP RESPONSE 200 {"content-type":"application/json; charset=UTF-8","vary":"X-Origin, Referer, Origin,Accept-Encoding","date":"Sun, 21 Jun 2020 13:36:59 GMT","server":"ESF","cache-control":"private","x-xss-protection":"0","x-frame-options":"SAMEORIGIN","x-content-type-options":"nosniff","alt-svc":"h3-28=\":443\"; ma=2592000,h3-27=\":443\"; ma=2592000,h3-25=\":443\"; ma=2592000,h3-T050=\":443\"; ma=2592000,h3-Q050=\":443\"; ma=2592000,h3-Q049=\":443\"; ma=2592000,h3-Q048=\":443\"; ma=2592000,h3-Q046=\":443\"; ma=2592000,h3-Q043=\":443\"; ma=2592000,quic=\":443\"; ma=2592000; v=\"46,43\"","accept-ranges":"none","transfer-encoding":"chunked"}
[info] ✔  functions: required API cloudfunctions.googleapis.com is enabled 
[debug] [2020-06-21T13:36:59.553Z] <<< HTTP RESPONSE 400 {"vary":"X-Origin, Referer, Origin,Accept-Encoding","content-type":"application/json; charset=UTF-8","date":"Sun, 21 Jun 2020 13:37:01 GMT","server":"ESF","cache-control":"private","x-xss-protection":"0","x-frame-options":"SAMEORIGIN","x-content-type-options":"nosniff","alt-svc":"h3-28=\":443\"; ma=2592000,h3-27=\":443\"; ma=2592000,h3-25=\":443\"; ma=2592000,h3-T050=\":443\"; ma=2592000,h3-Q050=\":443\"; ma=2592000,h3-Q049=\":443\"; ma=2592000,h3-Q048=\":443\"; ma=2592000,h3-Q046=\":443\"; ma=2592000,h3-Q043=\":443\"; ma=2592000,quic=\":443\"; ma=2592000; v=\"46,43\"","accept-ranges":"none","transfer-encoding":"chunked"}
[debug] [2020-06-21T13:36:59.554Z] <<< HTTP RESPONSE BODY {"error":{"code":400,"message":"Billing must be enabled for activation of service '[cloudbuild.googleapis.com, containerregistry.googleapis.com]' in project '469538064496' to proceed.","status":"FAILED_PRECONDITION","details":[{"@type":"type.googleapis.com/google.rpc.PreconditionFailure","violations":[{"type":"serviceusage/billing-enabled","subject":"469538064496","description":"billing-enabled: Project's billing account is not found. https://console.developers.google.com/project/469538064496/settings"}]}]}}
[warn] 
[warn] ⚠  functions: Cloud Functions will soon require the pay-as-you-go (Blaze) billing plan to deploy. To avoid service disruption, upgrade before 2020-08-17. For more information, see: https://firebase.google.com/support/faq#functions-runtime 
[warn] 
[debug] [2020-06-21T13:36:59.559Z] >>> HTTP REQUEST GET https://firebase.googleapis.com/v1beta1/projects/ordero-9e47f/adminSdkConfig  
 
[debug] [2020-06-21T13:37:00.275Z] <<< HTTP RESPONSE 200 {"content-type":"application/json; charset=UTF-8","vary":"X-Origin, Referer, Origin,Accept-Encoding","date":"Sun, 21 Jun 2020 13:37:02 GMT","server":"ESF","cache-control":"private","x-xss-protection":"0","x-frame-options":"SAMEORIGIN","x-content-type-options":"nosniff","alt-svc":"h3-28=\":443\"; ma=2592000,h3-27=\":443\"; ma=2592000,h3-25=\":443\"; ma=2592000,h3-T050=\":443\"; ma=2592000,h3-Q050=\":443\"; ma=2592000,h3-Q049=\":443\"; ma=2592000,h3-Q048=\":443\"; ma=2592000,h3-Q046=\":443\"; ma=2592000,h3-Q043=\":443\"; ma=2592000,quic=\":443\"; ma=2592000; v=\"46,43\"","accept-ranges":"none","transfer-encoding":"chunked"}
[info] i  functions: preparing functions directory for uploading... 
[debug] [2020-06-21T13:37:00.280Z] >>> HTTP REQUEST GET https://runtimeconfig.googleapis.com/v1beta1/projects/ordero-9e47f/configs  
 
[debug] [2020-06-21T13:37:01.399Z] <<< HTTP RESPONSE 200 {"content-type":"application/json; charset=UTF-8","vary":"X-Origin, Referer, Origin,Accept-Encoding","date":"Sun, 21 Jun 2020 13:37:03 GMT","server":"ESF","cache-control":"private","x-xss-protection":"0","x-frame-options":"SAMEORIGIN","x-content-type-options":"nosniff","alt-svc":"h3-28=\":443\"; ma=2592000,h3-27=\":443\"; ma=2592000,h3-25=\":443\"; ma=2592000,h3-T050=\":443\"; ma=2592000,h3-Q050=\":443\"; ma=2592000,h3-Q049=\":443\"; ma=2592000,h3-Q048=\":443\"; ma=2592000,h3-Q046=\":443\"; ma=2592000,h3-Q043=\":443\"; ma=2592000,quic=\":443\"; ma=2592000; v=\"46,43\"","accept-ranges":"none","transfer-encoding":"chunked"}
[debug] [2020-06-21T13:37:01.401Z] >>> HTTP REQUEST GET https://runtimeconfig.googleapis.com/v1beta1/projects/ordero-9e47f/configs/stripe/variables  
 
[debug] [2020-06-21T13:37:02.421Z] <<< HTTP RESPONSE 200 {"content-type":"application/json; charset=UTF-8","vary":"X-Origin, Referer, Origin,Accept-Encoding","date":"Sun, 21 Jun 2020 13:37:04 GMT","server":"ESF","cache-control":"private","x-xss-protection":"0","x-frame-options":"SAMEORIGIN","x-content-type-options":"nosniff","alt-svc":"h3-28=\":443\"; ma=2592000,h3-27=\":443\"; ma=2592000,h3-25=\":443\"; ma=2592000,h3-T050=\":443\"; ma=2592000,h3-Q050=\":443\"; ma=2592000,h3-Q049=\":443\"; ma=2592000,h3-Q048=\":443\"; ma=2592000,h3-Q046=\":443\"; ma=2592000,h3-Q043=\":443\"; ma=2592000,quic=\":443\"; ma=2592000; v=\"46,43\"","accept-ranges":"none","transfer-encoding":"chunked"}
[debug] [2020-06-21T13:37:02.423Z] >>> HTTP REQUEST GET https://runtimeconfig.googleapis.com/v1beta1/projects/ordero-9e47f/configs/stripe/variables/token  
 
[debug] [2020-06-21T13:37:03.444Z] <<< HTTP RESPONSE 200 {"content-type":"application/json; charset=UTF-8","vary":"X-Origin, Referer, Origin,Accept-Encoding","date":"Sun, 21 Jun 2020 13:37:05 GMT","server":"ESF","cache-control":"private","x-xss-protection":"0","x-frame-options":"SAMEORIGIN","x-content-type-options":"nosniff","alt-svc":"h3-28=\":443\"; ma=2592000,h3-27=\":443\"; ma=2592000,h3-25=\":443\"; ma=2592000,h3-T050=\":443\"; ma=2592000,h3-Q050=\":443\"; ma=2592000,h3-Q049=\":443\"; ma=2592000,h3-Q048=\":443\"; ma=2592000,h3-Q046=\":443\"; ma=2592000,h3-Q043=\":443\"; ma=2592000,quic=\":443\"; ma=2592000; v=\"46,43\"","accept-ranges":"none","transfer-encoding":"chunked"}
[info] i  functions: packaged functions (24.82 KB) for uploading 
[debug] [2020-06-21T13:37:04.118Z] >>> HTTP REQUEST GET https://cloudfunctions.googleapis.com/v1/projects/ordero-9e47f/locations/-/functions  
 
